<?xml version="1.0" encoding="UTF-8"?>
<!-- Generated by org.testng.reporters.JUnitReportReporter -->
<testsuite skipped="0" hostname="CYBERSPACE" name="Testcases.checkpassword_limits" tests="1" failures="0" timestamp="2020-10-15T18:01:03 IST" time="0.415" errors="0">
  <testcase name="checkpassword_limit" time="0.415" classname="Testcases.checkpassword_limits"/>
  <system-out/>
</testsuite> <!-- Testcases.checkpassword_limits -->
