<?xml version="1.0" encoding="UTF-8"?>
<!-- Generated by org.testng.reporters.JUnitReportReporter -->
<testsuite skipped="0" hostname="CYBERSPACE" name="Testcases.checkcinputtype" tests="1" failures="0" timestamp="2020-10-20T16:44:00 IST" time="0.086" errors="0">
  <testcase name="checkemailformaterror" time="0.086" classname="Testcases.checkcinputtype"/>
  <system-out/>
</testsuite> <!-- Testcases.checkcinputtype -->
