<?xml version="1.0" encoding="UTF-8"?>
<!-- Generated by org.testng.reporters.JUnitReportReporter -->
<testsuite skipped="0" hostname="CYBERSPACE" name="Testcases.checkwithemptyspacesinuserid" tests="1" failures="0" timestamp="2020-10-15T14:04:46 IST" time="0.468" errors="0">
  <testcase name="checkwithuserfieldempryspaces" time="0.468" classname="Testcases.checkwithemptyspacesinuserid"/>
  <system-out/>
</testsuite> <!-- Testcases.checkwithemptyspacesinuserid -->
