<?xml version="1.0" encoding="UTF-8"?>
<!-- Generated by org.testng.reporters.JUnitReportReporter -->
<testsuite skipped="1" hostname="CYBERSPACE" name="Testcases.checkresetpassword_confirmpassword_null" tests="1" failures="0" timestamp="2020-10-15T12:46:17 IST" time="0.000" errors="0">
  <testcase name="checkconfirmpassword_null" time="0.000" classname="Testcases.checkresetpassword_confirmpassword_null">
    <skipped/>
  </testcase> <!-- checkconfirmpassword_null -->
  <system-out/>
</testsuite> <!-- Testcases.checkresetpassword_confirmpassword_null -->
