<?xml version="1.0" encoding="UTF-8"?>
<!-- Generated by org.testng.reporters.JUnitReportReporter -->
<testsuite skipped="0" hostname="CYBERSPACE" name="Testcases.checkemailformaterror" tests="1" failures="0" timestamp="2020-10-15T14:21:27 IST" time="0.323" errors="0">
  <testcase name="checkemailformaterror" time="0.323" classname="Testcases.checkemailformaterror"/>
  <system-out/>
</testsuite> <!-- Testcases.checkemailformaterror -->
