<?xml version="1.0" encoding="UTF-8"?>
<!-- Generated by org.testng.reporters.JUnitReportReporter -->
<testsuite skipped="0" hostname="CYBERSPACE" name="Testcases.checkuseridplaceholder" tests="1" failures="0" timestamp="2020-10-20T16:44:00 IST" time="0.067" errors="0">
  <testcase name="checkwithplaceholder" time="0.067" classname="Testcases.checkuseridplaceholder"/>
  <system-out/>
</testsuite> <!-- Testcases.checkuseridplaceholder -->
