<?xml version="1.0" encoding="UTF-8"?>
<!-- Generated by org.testng.reporters.JUnitReportReporter -->
<testsuite skipped="0" hostname="CYBERSPACE" name="Testcases.checknavigatetoforgotpassword" tests="1" failures="0" timestamp="2020-10-20T17:51:59 IST" time="0.133" errors="0">
  <testcase name="checkforgotpasswordlink" time="0.133" classname="Testcases.checknavigatetoforgotpassword"/>
  <system-out/>
</testsuite> <!-- Testcases.checknavigatetoforgotpassword -->
