<?xml version="1.0" encoding="UTF-8"?>
<!-- Generated by org.testng.reporters.JUnitReportReporter -->
<testsuite skipped="0" hostname="CYBERSPACE" name="Testcases.checkwithnumalphabetsspecialcharacters" tests="1" failures="0" timestamp="2020-10-15T13:34:07 IST" time="0.719" errors="0">
  <testcase name="checkuseridfield" time="0.719" classname="Testcases.checkwithnumalphabetsspecialcharacters"/>
  <system-out/>
</testsuite> <!-- Testcases.checkwithnumalphabetsspecialcharacters -->
