<?xml version="1.0" encoding="UTF-8"?>
<!-- Generated by org.testng.reporters.JUnitReportReporter -->
<testsuite skipped="0" hostname="CYBERSPACE" name="Testcases.checkpasswordfieldpresent" tests="1" failures="0" timestamp="2020-10-20T16:44:00 IST" time="0.357" errors="0">
  <testcase name="checkpasswordfieldpresent" time="0.357" classname="Testcases.checkpasswordfieldpresent"/>
  <system-out/>
</testsuite> <!-- Testcases.checkpasswordfieldpresent -->
