<?xml version="1.0" encoding="UTF-8"?>
<!-- Generated by org.testng.reporters.JUnitReportReporter -->
<testsuite skipped="1" hostname="CYBERSPACE" name="Testcases.checkforgotpassword_emailformat" tests="1" failures="0" timestamp="2020-10-15T12:46:17 IST" time="0.000" errors="0">
  <testcase name="checkerrormsg_emailformat" time="0.000" classname="Testcases.checkforgotpassword_emailformat">
    <skipped/>
  </testcase> <!-- checkerrormsg_emailformat -->
  <system-out/>
</testsuite> <!-- Testcases.checkforgotpassword_emailformat -->
